Arguments: 
  /usr/bin/node /usr/share/yarn/bin/yarn.js start

PATH: 
  /home/anthony/.vscode-server/bin/92d25e35d9bf1a6b16f7d0758f25d48ace11e5b9/bin/remote-cli:/usr/local/sbin:/usr/local/bin:/usr/sbin:/usr/bin:/sbin:/bin:/usr/games:/usr/local/games:/usr/lib/wsl/lib:/mnt/c/Program Files/WindowsApps/CanonicalGroupLimited.Ubuntu_2004.4.4.0_x64__79rhkp1fndgsc:/mnt/c/Program Files/MySQL/MySQL Server 8.0/bin:/mnt/c/ProgramData/ComposerSetup/bin:/mnt/c/Program Files/PHP:/mnt/c/Users/ouzhe/AppData/Local/Programs/Microsoft VS Code/bin:/mnt/c/Users/ouzhe/AppData/Roaming/Composer/vendor/bin:/snap/bin:/opt/mssql-tools/bin

Yarn version: 
  1.22.19

Node version: 
  14.20.0

Platform: 
  linux x64

Trace: 
  SyntaxError: /var/www/html/Portfolio/integration/package.json: Unexpected end of JSON input
      at JSON.parse (<anonymous>)
      at /usr/share/yarn/lib/cli.js:1629:59
      at Generator.next (<anonymous>)
      at step (/usr/share/yarn/lib/cli.js:310:30)
      at /usr/share/yarn/lib/cli.js:321:13

npm manifest: 
  

yarn manifest: 
  No manifest

Lockfile: 
  No lockfile
